{"/home/tlm-89/repos/Module2/week-5/British-Classic-Meals/src/modules/updateComments.js": {"path":"/home/tlm-89/repos/Module2/week-5/British-Classic-Meals/src/modules/updateComments.js","statementMap":{"0":{"start":{"line":1,"column":23},"end":{"line":17,"column":1}},"1":{"start":{"line":3,"column":24},"end":{"line":3,"column":77}},"2":{"start":{"line":4,"column":2},"end":{"line":4,"column":23}},"3":{"start":{"line":5,"column":2},"end":{"line":5,"column":73}},"4":{"start":{"line":8,"column":30},"end":{"line":8,"column":76}},"5":{"start":{"line":9,"column":16},"end":{"line":9,"column":26}},"6":{"start":{"line":10,"column":15},"end":{"line":10,"column":82}},"7":{"start":{"line":11,"column":22},"end":{"line":15,"column":31}},"8":{"start":{"line":16,"column":2},"end":{"line":16,"column":47}}},"fnMap":{"0":{"name":"(anonymous_0)","decl":{"start":{"line":1,"column":23},"end":{"line":1,"column":24}},"loc":{"start":{"line":1,"column":46},"end":{"line":17,"column":1}},"line":1}},"branchMap":{},"s":{"0":1,"1":2,"2":2,"3":2,"4":2,"5":2,"6":2,"7":2,"8":2},"f":{"0":2},"b":{},"_coverageSchema":"1a1c01bbd47fc00a2c39e90264f33305004495a9","hash":"8f2bb89274d0e6fa912f0309a2ac9c1f3a822d30"}
}
